<?xml version="1.0" encoding="UTF-8"?>
<!-- Generated by org.testng.reporters.JUnitReportReporter -->
<testsuite hostname="LTIN691980" failures="0" tests="5" name="TestRunner.TestRun" time="59.030" errors="0" timestamp="2026-04-20T13:15:13 IST" skipped="0">
  <testcase classname="TestRunner.TestRun" name="runScenario" time="7.637"/>
  <system-out/>
  <testcase classname="TestRunner.TestRun" name="runScenario" time="23.735"/>
  <system-out/>
  <testcase classname="TestRunner.TestRun" name="runScenario" time="8.660"/>
  <system-out/>
  <testcase classname="TestRunner.TestRun" name="runScenario" time="10.864"/>
  <system-out/>
  <testcase classname="TestRunner.TestRun" name="runScenario" time="8.134"/>
  <system-out/>
</testsuite> <!-- TestRunner.TestRun -->
